[0mGET /api/parents/checkstatus [31m500 [0m25.407 ms - 5683[0m
[0mGET /api/schools [36m304 [0m161.718 ms - -[0m
[0mGET /nodeadmin [36m301 [0m4.075 ms - 185[0m
[0mGET /nodeadmin/ [32m200 [0m6.174 ms - 3893[0m
[0mGET /nodeadmin/node_modules/angular-chart.js/dist/angular-chart.css [32m200 [0m10.261 ms - 1125[0m
[0mGET /nodeadmin/css/simple-sidebar.css [32m200 [0m9.764 ms - 2346[0m
[0mGET /nodeadmin/node_modules/bootstrap/dist/css/bootstrap.min.css [32m200 [0m10.563 ms - 121457[0m
[0mGET /nodeadmin/css/lumen.css [32m200 [0m10.336 ms - 157101[0m
[0mGET /nodeadmin/node_modules/codemirror/lib/codemirror.css [32m200 [0m18.665 ms - 8542[0m
[0mGET /nodeadmin/css/styles.css [32m200 [0m17.668 ms - 2681[0m
[0mGET /nodeadmin/node_modules/codemirror/theme/monokai.css [32m200 [0m20.333 ms - 2179[0m
[0mGET /nodeadmin/node_modules/socket.io-client/socket.io.js [33m404 [0m15.905 ms - 191[0m
[0mGET /nodeadmin/node_modules/angular/angular.min.js [32m200 [0m22.464 ms - 176241[0m
[0mGET /nodeadmin/node_modules/jquery/dist/jquery.min.js [32m200 [0m12.079 ms - 85578[0m
[0mGET /nodeadmin/node_modules/chart.js/Chart.min.js [32m200 [0m11.784 ms - 57275[0m
[0mGET /nodeadmin/node_modules/angular-ui-router/release/angular-ui-router.min.js [32m200 [0m11.605 ms - 32440[0m
[0mGET /nodeadmin/node_modules/angular-ui-bootstrap/ui-bootstrap-tpls.min.js [32m200 [0m10.702 ms - 132410[0m
[0mGET /nodeadmin/node_modules/angular-chart.js/dist/angular-chart.min.js [32m200 [0m13.125 ms - 5732[0m
[0mGET /nodeadmin/node_modules/angular-sanitize/angular-sanitize.min.js [32m200 [0m8.280 ms - 6930[0m
[0mGET /nodeadmin/node_modules/spin.js/spin.min.js [32m200 [0m5.814 ms - 4277[0m
[0mGET /nodeadmin/node_modules/angular-toarrayfilter/toArrayFilter.js [32m200 [0m7.533 ms - 553[0m
[0mGET /nodeadmin/node_modules/angular-spinner/angular-spinner.min.js [32m200 [0m3.642 ms - 1520[0m
[0mGET /nodeadmin/node_modules/angular-bindonce/bindonce.min.js [32m200 [0m7.180 ms - 4802[0m
[0mGET /nodeadmin/node_modules/angular-ui-codemirror/src/ui-codemirror.js [32m200 [0m4.221 ms - 4483[0m
[0mGET /nodeadmin/node_modules/codemirror/mode/sql/sql.js [32m200 [0m4.577 ms - 47451[0m
[0mGET /nodeadmin/app/services/services.js [32m200 [0m4.958 ms - 10629[0m
[0mGET /nodeadmin/app/auth/auth.js [32m200 [0m4.247 ms - 762[0m
[0mGET /nodeadmin/app/services/socket.js [32m200 [0m4.068 ms - 1232[0m
[0mGET /nodeadmin/node_modules/codemirror/lib/codemirror.js [32m200 [0m6.676 ms - 395005[0m
[0mGET /nodeadmin/app/db/dbhome/dbhome.js [32m200 [0m7.312 ms - 2809[0m
[0mGET /nodeadmin/app/db/db.js [32m200 [0m8.736 ms - 705[0m
[0mGET /nodeadmin/app/db/dbhome/dbcreatecontroller.js [32m200 [0m5.277 ms - 750[0m
[0mGET /nodeadmin/app/db/dbhome/dbdeletecontroller.js [32m200 [0m5.448 ms - 712[0m
[0mGET /nodeadmin/app/db/viewtables/deletetablecontroller.js [32m200 [0m6.576 ms - 563[0m
[0mGET /nodeadmin/app/db/viewtables/viewtables.js [32m200 [0m6.003 ms - 2068[0m
[0mGET /nodeadmin/app/db/viewtables/createtable.js [32m200 [0m6.433 ms - 2523[0m
[0mGET /nodeadmin/app/db/query/query.js [32m200 [0m8.109 ms - 1518[0m
[0mGET /nodeadmin/app/db/records/records.js [32m200 [0m6.544 ms - 5722[0m
[0mGET /nodeadmin/app/db/records/services.js [32m200 [0m8.596 ms - 6828[0m
[0mGET /nodeadmin/app/settings/settings.js [32m200 [0m6.128 ms - 263[0m
[0mGET /nodeadmin/app/settings/users/users.js [32m200 [0m6.534 ms - 3859[0m
[0mGET /nodeadmin/app/settings/users/viewPrivileges.js [32m200 [0m5.947 ms - 904[0m
[0mGET /nodeadmin/app/settings/users/editPrivileges.js [32m200 [0m7.239 ms - 5457[0m
[0mGET /nodeadmin/app/settings/users/addUser.js [32m200 [0m7.501 ms - 846[0m
[0mGET /nodeadmin/app/settings/users/deleteUser.js [32m200 [0m8.577 ms - 527[0m
[0mGET /nodeadmin/app/system/system.js [32m200 [0m8.559 ms - 311[0m
[0mGET /nodeadmin/app/system/serverLogs/serverLogs.js [32m200 [0m9.242 ms - 1417[0m
[0mGET /nodeadmin/app/system/modules/modules.js [32m200 [0m8.811 ms - 2803[0m
[0mGET /nodeadmin/app/main/main.js [32m200 [0m6.232 ms - 264[0m
[0mGET /nodeadmin/app/home/home.js [32m200 [0m8.971 ms - 3473[0m
[0mGET /nodeadmin/app/directives/alertcenter.js [32m200 [0m7.445 ms - 157[0m
[0mGET /nodeadmin/app/directives/togglemenu.js [32m200 [0m8.188 ms - 152[0m
[0mGET /nodeadmin/app/services/alertcenterfactory.js [32m200 [0m6.038 ms - 377[0m
[0mGET /nodeadmin/app/app.js [32m200 [0m2.765 ms - 4940[0m
[0mGET /nodeadmin/app/auth/login.html [32m200 [0m1.007 ms - 2197[0m
[0mGET /nodeadmin/resources/nodejs-logo.png [32m200 [0m0.780 ms - 16221[0m
[0mGET /nodeadmin/resources/favicon.ico [32m200 [0m1.591 ms - 99678[0m
[0mPOST /nodeadmin/api/auth/login [32m200 [0m90.217 ms - 140[0m
[0mGET /nodeadmin/app/main/main.html [32m200 [0m1.128 ms - 2542[0m
[0mGET /nodeadmin/app/home/home.html [32m200 [0m0.798 ms - 2031[0m
[0mGET /nodeadmin/node_modules/bootstrap/dist/fonts/glyphicons-halflings-regular.woff2 [32m200 [0m3.248 ms - 18028[0m
[0mGET /nodeadmin/resources/favicon.ico [36m304 [0m0.740 ms - -[0m
[0mGET /nodeadmin/app/db/db.html [32m200 [0m1.556 ms - 675[0m
[0mGET /nodeadmin/app/db/dbhome/dbhome.html [32m200 [0m0.641 ms - 1792[0m
[0mGET /nodeadmin/app/directives/togglemenu.html [32m200 [0m0.980 ms - 302[0m
[0mGET /nodeadmin/app/directives/alertcenter.html [32m200 [0m10.648 ms - 358[0m
[0mGET /nodeadmin/api/db/connect [32m200 [0m33.916 ms - -[0m
[0mGET /nodeadmin/api/db/performance [32m200 [0m33.856 ms - 385[0m
[0mGET /nodeadmin/api/db/info [32m200 [0m57.710 ms - 306[0m
[0mGET /nodeadmin/api/db/performance [36m304 [0m2.170 ms - -[0m
[0mGET /nodeadmin/api/db/info [36m304 [0m2.780 ms - -[0m
[0mGET /nodeadmin/api/db/performance [36m304 [0m3.012 ms - -[0m
[0mGET /nodeadmin/api/db/info [32m200 [0m7.952 ms - 306[0m
[0mGET /nodeadmin/api/db/performance [36m304 [0m1.753 ms - -[0m
[0mGET /nodeadmin/api/db/info [36m304 [0m2.203 ms - -[0m
[0mGET /nodeadmin/api/db/connect [32m200 [0m4.352 ms - -[0m
[0mGET /nodeadmin/api/db/performance [36m304 [0m3.281 ms - -[0m
[0mGET /nodeadmin/api/db/info [32m200 [0m2.902 ms - 306[0m
[0mGET /nodeadmin/api/db/performance [36m304 [0m2.059 ms - -[0m
[0mGET /nodeadmin/api/db/info [32m200 [0m3.232 ms - 306[0m
[0mGET /nodeadmin/api/db/performance [36m304 [0m1.955 ms - -[0m
[0mGET /nodeadmin/api/db/info [36m304 [0m4.826 ms - -[0m
[0mGET /nodeadmin/api/db/performance [36m304 [0m1.967 ms - -[0m
[0mGET /nodeadmin/api/db/info [32m200 [0m2.325 ms - 306[0m
[0mGET /nodeadmin/api/db/performance [36m304 [0m3.046 ms - -[0m
[0mGET /nodeadmin/api/db/info [36m304 [0m2.114 ms - -[0m
[0mGET /nodeadmin/api/db/performance [36m304 [0m1.285 ms - -[0m
[0mGET /nodeadmin/api/db/info [32m200 [0m2.314 ms - 306[0m
[0mGET /nodeadmin/api/db/performance [36m304 [0m1.657 ms - -[0m
[0mGET /nodeadmin/api/db/info [36m304 [0m2.074 ms - -[0m
[0mGET /nodeadmin/api/db/performance [36m304 [0m1.730 ms - -[0m
[0mGET /nodeadmin/api/db/info [32m200 [0m2.090 ms - 306[0m
[0mGET /nodeadmin/api/db/performance [36m304 [0m2.138 ms - -[0m
[0mGET /nodeadmin/api/db/info [36m304 [0m2.447 ms - -[0m
[0mGET /nodeadmin/api/db/performance [36m304 [0m1.327 ms - -[0m
[0mGET /nodeadmin/api/db/info [32m200 [0m2.042 ms - 306[0m
[0mGET /nodeadmin/app/db/viewtables/viewtables.html [32m200 [0m1.195 ms - 2045[0m
[0mGET /nodeadmin/api/db/apparentDB/tables [32m200 [0m77.512 ms - 213[0m
[0mGET /nodeadmin/api/db/performance [36m304 [0m2.156 ms - -[0m
[0mGET /nodeadmin/api/db/info [32m200 [0m6.429 ms - 314[0m
[0mGET /nodeadmin/api/db/performance [36m304 [0m2.222 ms - -[0m
[0mGET /nodeadmin/api/db/info [36m304 [0m2.795 ms - -[0m
[0mGET /nodeadmin/api/db/performance [36m304 [0m1.644 ms - -[0m
[0mGET /nodeadmin/api/db/info [32m200 [0m2.776 ms - 314[0m
[0mGET /nodeadmin/api/db/performance [36m304 [0m1.380 ms - -[0m
[0mGET /nodeadmin/api/db/info [36m304 [0m3.044 ms - -[0m
[0mGET /nodeadmin/api/db/performance [36m304 [0m1.981 ms - -[0m
[0mGET /nodeadmin/api/db/info [32m200 [0m3.141 ms - 314[0m
[0mGET /nodeadmin/api/db/performance [36m304 [0m2.075 ms - -[0m
[0mGET /nodeadmin/api/db/info [36m304 [0m2.861 ms - -[0m
[0mGET /nodeadmin/api/db/apparentDB/tables [36m304 [0m8.666 ms - -[0m
[0mGET /nodeadmin/app/system/system.html [32m200 [0m0.642 ms - 753[0m
[0mGET /nodeadmin/app/system/modules/modules.html [32m200 [0m0.691 ms - 301[0m
[0mGET /nodeadmin/api/system/modules [32m200 [0m2567.915 ms - 208037[0m
[0mGET /nodeadmin/app/db/query/query.html [32m200 [0m0.821 ms - 1131[0m
[0mGET /nodeadmin/app/settings/settings.html [32m200 [0m1.479 ms - 659[0m
[0mGET /nodeadmin/app/settings/users/users.html [32m200 [0m0.642 ms - 2050[0m
[0mGET /nodeadmin/api/settings/users [32m200 [0m10.613 ms - 167[0m
[0mGET /nodeadmin/app/settings/users/viewPrivileges.html [32m200 [0m1.007 ms - 549[0m
[0mGET /nodeadmin/api/settings/users/mysql.sys/localhost/grants/ [32m200 [0m5.450 ms - 272[0m
[0mGET /nodeadmin/api/db/connect [32m200 [0m2.677 ms - -[0m
[0mGET /nodeadmin/api/db/performance [36m304 [0m3.972 ms - -[0m
[0mGET /nodeadmin/api/db/info [32m200 [0m2.382 ms - 309[0m
[0mGET /nodeadmin/api/db/performance [36m304 [0m1.333 ms - -[0m
[0mGET /nodeadmin/api/db/info [36m304 [0m1.817 ms - -[0m
[0mGET /nodeadmin/api/db/performance [36m304 [0m1.221 ms - -[0m
[0mGET /nodeadmin/api/db/info [32m200 [0m1.890 ms - 309[0m
[0mGET /nodeadmin/api/db/performance [36m304 [0m1.841 ms - -[0m
[0mGET /nodeadmin/api/db/info [36m304 [0m2.893 ms - -[0m
[0mGET /nodeadmin/api/db/performance [36m304 [0m2.041 ms - -[0m
[0mGET /nodeadmin/api/db/info [32m200 [0m3.295 ms - 309[0m
[0mGET /nodeadmin/api/db/performance [36m304 [0m5.167 ms - -[0m
[0mGET /nodeadmin/api/db/info [36m304 [0m5.248 ms - -[0m
[0mGET /nodeadmin/api/db/performance [36m304 [0m1.360 ms - -[0m
[0mGET /nodeadmin/api/db/info [32m200 [0m3.561 ms - 309[0m
[0mGET /nodeadmin/api/db/performance [36m304 [0m1.773 ms - -[0m
[0mGET /nodeadmin/api/db/info [36m304 [0m2.519 ms - -[0m
[0mGET /nodeadmin/api/db/performance [36m304 [0m1.629 ms - -[0m
[0mGET /nodeadmin/api/db/info [32m200 [0m1.730 ms - 309[0m
[0mGET /nodeadmin/api/db/performance [36m304 [0m1.802 ms - -[0m
[0mGET /nodeadmin/api/db/info [36m304 [0m2.852 ms - -[0m
[0mGET /nodeadmin/api/db/performance [36m304 [0m1.895 ms - -[0m
[0mGET /nodeadmin/api/db/info [32m200 [0m3.605 ms - 309[0m
[0mGET /nodeadmin/api/db/performance [36m304 [0m1.932 ms - -[0m
[0mGET /nodeadmin/api/db/info [36m304 [0m3.278 ms - -[0m
[0mGET /nodeadmin/api/db/performance [36m304 [0m2.175 ms - -[0m
[0mGET /nodeadmin/api/db/info [32m200 [0m3.696 ms - 309[0m
[0mGET /nodeadmin/api/db/performance [36m304 [0m2.015 ms - -[0m
[0mGET /nodeadmin/api/db/info [36m304 [0m1.771 ms - -[0m
[0mGET /nodeadmin/api/db/performance [36m304 [0m1.498 ms - -[0m
[0mGET /nodeadmin/api/db/info [32m200 [0m2.885 ms - 309[0m
[0mGET /nodeadmin/api/db/performance [36m304 [0m1.424 ms - -[0m
[0mGET /nodeadmin/api/db/info [36m304 [0m2.762 ms - -[0m
[0mGET /nodeadmin/api/db/performance [36m304 [0m3.262 ms - -[0m
[0mGET /nodeadmin/api/db/info [32m200 [0m2.636 ms - 309[0m
[0mGET /nodeadmin/api/db/performance [36m304 [0m1.388 ms - -[0m
[0mGET /nodeadmin/api/db/info [36m304 [0m2.563 ms - -[0m
[0mGET /nodeadmin/api/db/performance [36m304 [0m1.261 ms - -[0m
[0mGET /nodeadmin/api/db/info [32m200 [0m2.083 ms - 309[0m
[0mGET /nodeadmin/api/db/performance [36m304 [0m1.597 ms - -[0m
[0mGET /nodeadmin/api/db/info [36m304 [0m2.331 ms - -[0m
[0mGET /nodeadmin/api/db/performance [36m304 [0m1.820 ms - -[0m
[0mGET /nodeadmin/api/db/info [32m200 [0m1.778 ms - 309[0m
[0mGET /nodeadmin/api/db/performance [36m304 [0m1.512 ms - -[0m
[0mGET /nodeadmin/api/db/info [36m304 [0m1.837 ms - -[0m
[0mGET /nodeadmin/api/db/performance [36m304 [0m1.238 ms - -[0m
[0mGET /nodeadmin/api/db/info [32m200 [0m2.062 ms - 309[0m
[0mGET /nodeadmin/api/db/performance [36m304 [0m1.664 ms - -[0m
[0mGET /nodeadmin/api/db/info [36m304 [0m2.519 ms - -[0m
[0mGET /nodeadmin/api/db/performance [36m304 [0m1.415 ms - -[0m
[0mGET /nodeadmin/api/db/info [32m200 [0m1.942 ms - 309[0m
[0mGET /nodeadmin/api/db/performance [36m304 [0m1.418 ms - -[0m
[0mGET /nodeadmin/api/db/info [36m304 [0m1.878 ms - -[0m
[0mGET /nodeadmin/api/db/performance [36m304 [0m1.615 ms - -[0m
[0mGET /nodeadmin/api/db/info [32m200 [0m2.499 ms - 309[0m
[0mGET /nodeadmin/api/db/performance [36m304 [0m1.701 ms - -[0m
[0mGET /nodeadmin/api/db/info [36m304 [0m2.886 ms - -[0m
[0mGET /nodeadmin/api/db/performance [36m304 [0m1.349 ms - -[0m
[0mGET /nodeadmin/api/db/info [32m200 [0m3.105 ms - 309[0m
[0mGET /nodeadmin/api/db/performance [36m304 [0m1.798 ms - -[0m
[0mGET /nodeadmin/api/db/info [36m304 [0m2.582 ms - -[0m
[0mGET /nodeadmin/api/db/performance [36m304 [0m1.523 ms - -[0m
[0mGET /nodeadmin/api/db/info [32m200 [0m4.590 ms - 309[0m
[0mGET /nodeadmin/api/db/performance [36m304 [0m2.235 ms - -[0m
[0mGET /nodeadmin/api/db/info [36m304 [0m3.937 ms - -[0m
[0mGET /nodeadmin/api/db/performance [36m304 [0m1.918 ms - -[0m
[0mGET /nodeadmin/api/db/info [32m200 [0m2.822 ms - 309[0m
[0mGET /nodeadmin/api/db/performance [36m304 [0m1.648 ms - -[0m
[0mGET /nodeadmin/api/db/info [36m304 [0m2.588 ms - -[0m
[0mGET /nodeadmin/api/db/performance [36m304 [0m1.668 ms - -[0m
[0mGET /nodeadmin/api/db/info [32m200 [0m3.310 ms - 309[0m
[0mGET /nodeadmin/api/db/performance [36m304 [0m2.787 ms - -[0m
[0mGET /nodeadmin/api/db/info [36m304 [0m3.409 ms - -[0m
[0mGET /nodeadmin/api/db/performance [36m304 [0m1.601 ms - -[0m
[0mGET /nodeadmin/api/db/info [32m200 [0m2.904 ms - 309[0m
[0mGET /nodeadmin/api/db/performance [36m304 [0m1.688 ms - -[0m
[0mGET /nodeadmin/api/db/info [36m304 [0m2.751 ms - -[0m
[0mGET /nodeadmin/api/db/performance [36m304 [0m1.421 ms - -[0m
[0mGET /nodeadmin/api/db/info [32m200 [0m2.179 ms - 309[0m
[0mGET /nodeadmin/api/db/performance [36m304 [0m1.395 ms - -[0m
[0mGET /nodeadmin/api/db/info [36m304 [0m1.946 ms - -[0m
[0mGET /nodeadmin/api/db/performance [36m304 [0m3.196 ms - -[0m
[0mGET /nodeadmin/api/db/info [32m200 [0m3.286 ms - 309[0m
[0mGET /nodeadmin/api/db/performance [36m304 [0m1.724 ms - -[0m
[0mGET /nodeadmin/api/db/info [36m304 [0m2.528 ms - -[0m
[0mGET /nodeadmin/api/db/performance [36m304 [0m1.196 ms - -[0m
[0mGET /nodeadmin/api/db/info [32m200 [0m2.170 ms - 309[0m
[0mGET /nodeadmin/api/db/performance [36m304 [0m1.825 ms - -[0m
[0mGET /nodeadmin/api/db/info [36m304 [0m2.341 ms - -[0m
[0mGET /nodeadmin/api/db/performance [36m304 [0m1.242 ms - -[0m
[0mGET /nodeadmin/api/db/info [32m200 [0m1.713 ms - 309[0m
[0mGET /nodeadmin/api/db/performance [36m304 [0m1.476 ms - -[0m
[0mGET /nodeadmin/api/db/info [36m304 [0m2.223 ms - -[0m
[0mGET /nodeadmin/api/db/performance [36m304 [0m2.081 ms - -[0m
[0mGET /nodeadmin/api/db/info [32m200 [0m2.940 ms - 543[0m
[0mGET /nodeadmin/api/db/performance [36m304 [0m1.710 ms - -[0m
[0mGET /nodeadmin/api/db/info [36m304 [0m2.857 ms - -[0m
[0mGET /nodeadmin/api/db/performance [36m304 [0m1.505 ms - -[0m
[0mGET /nodeadmin/api/db/info [32m200 [0m2.421 ms - 543[0m
[0mGET /nodeadmin/api/db/performance [36m304 [0m1.548 ms - -[0m
[0mGET /nodeadmin/api/db/info [36m304 [0m3.384 ms - -[0m
[0mGET /nodeadmin/api/db/performance [36m304 [0m1.412 ms - -[0m
[0mGET /nodeadmin/api/db/info [32m200 [0m3.522 ms - 543[0m
[0mGET /nodeadmin/api/db/performance [36m304 [0m1.526 ms - -[0m
[0mGET /nodeadmin/api/db/info [36m304 [0m3.269 ms - -[0m
[0mGET /nodeadmin/api/db/performance [36m304 [0m1.435 ms - -[0m
[0mGET /nodeadmin/api/db/info [32m200 [0m2.624 ms - 543[0m
[0mGET /nodeadmin/api/db/performance [36m304 [0m2.155 ms - -[0m
[0mGET /nodeadmin/api/db/info [36m304 [0m3.108 ms - -[0m
[0mGET /nodeadmin/api/db/performance [36m304 [0m1.269 ms - -[0m
[0mGET /nodeadmin/api/db/info [32m200 [0m2.588 ms - 543[0m
[0mGET /nodeadmin/api/db/performance [36m304 [0m1.494 ms - -[0m
[0mGET /nodeadmin/api/db/info [36m304 [0m2.863 ms - -[0m
[0mGET /nodeadmin/api/db/performance [36m304 [0m1.421 ms - -[0m
[0mGET /nodeadmin/api/db/info [32m200 [0m3.348 ms - 543[0m
[0mGET /nodeadmin/api/db/performance [36m304 [0m2.238 ms - -[0m
[0mGET /nodeadmin/api/db/info [36m304 [0m2.986 ms - -[0m
[0mGET /nodeadmin/api/db/performance [36m304 [0m1.256 ms - -[0m
[0mGET /nodeadmin/api/db/info [32m200 [0m2.891 ms - 543[0m
[0mGET /nodeadmin/api/db/performance [36m304 [0m1.333 ms - -[0m
[0mGET /nodeadmin/api/db/info [36m304 [0m2.053 ms - -[0m
[0mGET /nodeadmin/api/db/apparentDB/tables [36m304 [0m3.870 ms - -[0m
[0mGET /nodeadmin/ [36m304 [0m0.945 ms - -[0m
[0mGET /nodeadmin/node_modules/bootstrap/dist/css/bootstrap.min.css [36m304 [0m1.475 ms - -[0m
[0mGET /nodeadmin/css/lumen.css [36m304 [0m1.425 ms - -[0m
[0mGET /nodeadmin/node_modules/angular-chart.js/dist/angular-chart.css [36m304 [0m1.324 ms - -[0m
[0mGET /nodeadmin/css/simple-sidebar.css [36m304 [0m1.646 ms - -[0m
[0mGET /nodeadmin/node_modules/codemirror/lib/codemirror.css [36m304 [0m1.329 ms - -[0m
[0mGET /nodeadmin/node_modules/codemirror/theme/monokai.css [36m304 [0m1.381 ms - -[0m
[0mGET /nodeadmin/css/styles.css [36m304 [0m1.671 ms - -[0m
[0mGET /nodeadmin/node_modules/socket.io-client/socket.io.js [33m404 [0m2.767 ms - 191[0m
[0mGET /nodeadmin/node_modules/angular/angular.min.js [36m304 [0m0.949 ms - -[0m
[0mGET /nodeadmin/node_modules/jquery/dist/jquery.min.js [36m304 [0m0.839 ms - -[0m
[0mGET /nodeadmin/node_modules/angular-ui-router/release/angular-ui-router.min.js [36m304 [0m0.449 ms - -[0m
[0mGET /nodeadmin/node_modules/angular-ui-bootstrap/ui-bootstrap-tpls.min.js [36m304 [0m0.726 ms - -[0m
[0mGET /nodeadmin/node_modules/chart.js/Chart.min.js [36m304 [0m0.558 ms - -[0m
[0mGET /nodeadmin/node_modules/angular-chart.js/dist/angular-chart.min.js [36m304 [0m0.771 ms - -[0m
[0mGET /nodeadmin/node_modules/angular-sanitize/angular-sanitize.min.js [36m304 [0m0.773 ms - -[0m
[0mGET /nodeadmin/node_modules/angular-toarrayfilter/toArrayFilter.js [36m304 [0m0.440 ms - -[0m
[0mGET /nodeadmin/node_modules/spin.js/spin.min.js [36m304 [0m0.470 ms - -[0m
[0mGET /nodeadmin/node_modules/angular-spinner/angular-spinner.min.js [36m304 [0m1.881 ms - -[0m
[0mGET /nodeadmin/node_modules/angular-bindonce/bindonce.min.js [36m304 [0m1.954 ms - -[0m
[0mGET /nodeadmin/node_modules/codemirror/lib/codemirror.js [36m304 [0m0.379 ms - -[0m
[0mGET /nodeadmin/node_modules/angular-ui-codemirror/src/ui-codemirror.js [36m304 [0m0.530 ms - -[0m
[0mGET /nodeadmin/app/services/services.js [36m304 [0m0.859 ms - -[0m
[0mGET /nodeadmin/node_modules/codemirror/mode/sql/sql.js [36m304 [0m0.812 ms - -[0m
[0mGET /nodeadmin/app/services/socket.js [36m304 [0m1.673 ms - -[0m
[0mGET /nodeadmin/app/auth/auth.js [36m304 [0m2.612 ms - -[0m
[0mGET /nodeadmin/app/db/db.js [36m304 [0m1.992 ms - -[0m
[0mGET /nodeadmin/app/db/dbhome/dbhome.js [36m304 [0m1.903 ms - -[0m
[0mGET /nodeadmin/app/db/dbhome/dbcreatecontroller.js [36m304 [0m0.741 ms - -[0m
[0mGET /nodeadmin/app/db/dbhome/dbdeletecontroller.js [36m304 [0m0.792 ms - -[0m
[0mGET /nodeadmin/app/db/viewtables/deletetablecontroller.js [36m304 [0m0.388 ms - -[0m
[0mGET /nodeadmin/app/db/viewtables/viewtables.js [36m304 [0m0.829 ms - -[0m
[0mGET /nodeadmin/app/db/viewtables/createtable.js [36m304 [0m0.744 ms - -[0m
[0mGET /nodeadmin/app/db/records/records.js [36m304 [0m0.349 ms - -[0m
[0mGET /nodeadmin/app/db/query/query.js [36m304 [0m0.642 ms - -[0m
[0mGET /nodeadmin/app/db/records/services.js [36m304 [0m0.672 ms - -[0m
[0mGET /nodeadmin/app/settings/settings.js [36m304 [0m0.368 ms - -[0m
[0mGET /nodeadmin/app/settings/users/users.js [36m304 [0m0.930 ms - -[0m
[0mGET /nodeadmin/app/settings/users/viewPrivileges.js [36m304 [0m0.654 ms - -[0m
[0mGET /nodeadmin/app/settings/users/editPrivileges.js [36m304 [0m1.949 ms - -[0m
[0mGET /nodeadmin/app/settings/users/addUser.js [36m304 [0m2.127 ms - -[0m
[0mGET /nodeadmin/app/settings/users/deleteUser.js [36m304 [0m2.311 ms - -[0m
[0mGET /nodeadmin/app/system/system.js [36m304 [0m2.044 ms - -[0m
[0mGET /nodeadmin/app/system/serverLogs/serverLogs.js [36m304 [0m0.793 ms - -[0m
[0mGET /nodeadmin/app/system/modules/modules.js [36m304 [0m0.743 ms - -[0m
[0mGET /nodeadmin/app/home/home.js [36m304 [0m2.341 ms - -[0m
[0mGET /nodeadmin/app/main/main.js [36m304 [0m1.653 ms - -[0m
[0mGET /nodeadmin/app/directives/togglemenu.js [36m304 [0m1.563 ms - -[0m
[0mGET /nodeadmin/app/directives/alertcenter.js [36m304 [0m1.544 ms - -[0m
[0mGET /nodeadmin/app/app.js [36m304 [0m0.795 ms - -[0m
[0mGET /nodeadmin/app/services/alertcenterfactory.js [36m304 [0m1.331 ms - -[0m
[0mGET /nodeadmin/app/auth/login.html [36m304 [0m0.508 ms - -[0m
[0mGET /nodeadmin/resources/nodejs-logo.png [36m304 [0m0.339 ms - -[0m
[0mPOST /nodeadmin/api/auth/login [32m200 [0m5.213 ms - 140[0m
[0mGET /nodeadmin/app/main/main.html [36m304 [0m0.280 ms - -[0m
[0mGET /nodeadmin/app/home/home.html [36m304 [0m0.364 ms - -[0m
[0mGET /nodeadmin/node_modules/bootstrap/dist/fonts/glyphicons-halflings-regular.woff2 [36m304 [0m0.658 ms - -[0m
[0mGET /nodeadmin/resources/favicon.ico [36m304 [0m0.297 ms - -[0m
[0mGET /nodeadmin/app/db/db.html [36m304 [0m0.289 ms - -[0m
[0mGET /nodeadmin/app/db/dbhome/dbhome.html [36m304 [0m0.288 ms - -[0m
[0mGET /nodeadmin/app/directives/togglemenu.html [36m304 [0m0.364 ms - -[0m
[0mGET /nodeadmin/api/db/connect [32m200 [0m5.035 ms - -[0m
[0mGET /nodeadmin/app/directives/alertcenter.html [36m304 [0m1.097 ms - -[0m
[0mGET /nodeadmin/api/db/performance [36m304 [0m3.076 ms - -[0m
[0mGET /nodeadmin/api/db/info [32m200 [0m5.518 ms - 660[0m
[0mGET /nodeadmin/api/db/performance [36m304 [0m1.841 ms - -[0m
[0mGET /nodeadmin/api/db/info [36m304 [0m3.867 ms - -[0m
[0mGET /nodeadmin/api/db/performance [36m304 [0m1.383 ms - -[0m
[0mGET /nodeadmin/api/db/info [32m200 [0m2.258 ms - 660[0m
[0mGET /nodeadmin/api/db/performance [36m304 [0m4.504 ms - -[0m
[0mGET /nodeadmin/api/db/info [36m304 [0m4.387 ms - -[0m
[0mGET /nodeadmin/api/db/performance [36m304 [0m1.326 ms - -[0m
[0mGET /nodeadmin/api/db/info [32m200 [0m1.933 ms - 660[0m
[0mGET /nodeadmin/api/db/performance [36m304 [0m1.777 ms - -[0m
[0mGET /nodeadmin/api/db/info [36m304 [0m3.316 ms - -[0m
[0mGET /nodeadmin/api/db/performance [36m304 [0m1.822 ms - -[0m
[0mGET /nodeadmin/api/db/info [32m200 [0m1.950 ms - 660[0m
[0mGET /nodeadmin/api/db/performance [36m304 [0m3.027 ms - -[0m
[0mGET /nodeadmin/api/db/info [36m304 [0m3.745 ms - -[0m
[0mGET /nodeadmin/api/db/performance [36m304 [0m1.546 ms - -[0m
[0mGET /nodeadmin/api/db/info [32m200 [0m2.326 ms - 660[0m
[0mGET /nodeadmin/api/db/performance [36m304 [0m1.933 ms - -[0m
[0mGET /nodeadmin/api/db/info [36m304 [0m2.819 ms - -[0m
[0mGET /nodeadmin/api/db/performance [36m304 [0m1.303 ms - -[0m
[0mGET /nodeadmin/api/db/info [32m200 [0m2.044 ms - 660[0m
[0mGET /nodeadmin/api/db/performance [36m304 [0m1.233 ms - -[0m
[0mGET /nodeadmin/api/db/info [36m304 [0m2.674 ms - -[0m
[0mGET /nodeadmin/api/db/performance [36m304 [0m1.895 ms - -[0m
[0mGET /nodeadmin/api/db/info [32m200 [0m1.926 ms - 660[0m
[0mGET /nodeadmin/api/db/performance [36m304 [0m1.437 ms - -[0m
[0mGET /nodeadmin/api/db/info [36m304 [0m2.125 ms - -[0m
[0mGET /nodeadmin/api/db/performance [36m304 [0m1.316 ms - -[0m
[0mGET /nodeadmin/api/db/info [32m200 [0m2.761 ms - 660[0m
[0mGET /nodeadmin/api/db/performance [36m304 [0m2.870 ms - -[0m
[0mGET /nodeadmin/api/db/info [36m304 [0m4.340 ms - -[0m
[0mGET /nodeadmin/api/db/performance [36m304 [0m1.982 ms - -[0m
[0mGET /nodeadmin/api/db/info [32m200 [0m2.907 ms - 660[0m
[0mGET /nodeadmin/api/db/performance [36m304 [0m1.377 ms - -[0m
[0mGET /nodeadmin/api/db/info [36m304 [0m2.360 ms - -[0m
[0mGET /nodeadmin/api/db/performance [36m304 [0m1.715 ms - -[0m
[0mGET /nodeadmin/api/db/info [32m200 [0m2.328 ms - 660[0m
[0mGET /nodeadmin/api/db/performance [36m304 [0m1.507 ms - -[0m
[0mGET /nodeadmin/api/db/info [36m304 [0m2.207 ms - -[0m
[0mGET /nodeadmin/api/db/performance [36m304 [0m1.360 ms - -[0m
[0mGET /nodeadmin/api/db/info [32m200 [0m2.802 ms - 660[0m
[0mGET /nodeadmin/api/db/performance [36m304 [0m1.648 ms - -[0m
[0mGET /nodeadmin/api/db/info [36m304 [0m2.226 ms - -[0m
[0mGET /nodeadmin/api/db/performance [36m304 [0m1.911 ms - -[0m
[0mGET /nodeadmin/api/db/info [32m200 [0m5.421 ms - 660[0m
[0mGET /nodeadmin/api/db/performance [36m304 [0m1.498 ms - -[0m
[0mGET /nodeadmin/api/db/info [36m304 [0m2.419 ms - -[0m
[0mGET /nodeadmin/api/db/performance [36m304 [0m1.360 ms - -[0m
[0mGET /nodeadmin/api/db/info [32m200 [0m2.555 ms - 660[0m
[0mGET /nodeadmin/api/db/performance [36m304 [0m1.459 ms - -[0m
[0mGET /nodeadmin/api/db/info [36m304 [0m2.353 ms - -[0m
[0mGET /nodeadmin/api/db/performance [36m304 [0m1.542 ms - -[0m
[0mGET /nodeadmin/api/db/info [32m200 [0m2.781 ms - 660[0m
[0mGET /nodeadmin/api/db/performance [36m304 [0m1.538 ms - -[0m
[0mGET /nodeadmin/api/db/info [36m304 [0m2.412 ms - -[0m
[0mGET /nodeadmin/api/db/performance [36m304 [0m1.473 ms - -[0m
[0mGET /nodeadmin/api/db/info [32m200 [0m1.921 ms - 660[0m
[0mGET /nodeadmin/api/db/performance [36m304 [0m1.295 ms - -[0m
[0mGET /nodeadmin/api/db/info [36m304 [0m2.218 ms - -[0m
[0mGET /nodeadmin/api/db/performance [36m304 [0m1.815 ms - -[0m
[0mGET /nodeadmin/api/db/info [32m200 [0m2.506 ms - 660[0m
[0mGET /nodeadmin/app/db/dbhome/dbdelete.html [32m200 [0m1.489 ms - 547[0m
[0mGET /nodeadmin/api/db/performance [36m304 [0m1.660 ms - -[0m
[0mGET /nodeadmin/api/db/info [36m304 [0m2.177 ms - -[0m
[0mGET /nodeadmin/api/db/performance [36m304 [0m2.636 ms - -[0m
[0mGET /nodeadmin/api/db/info [32m200 [0m2.155 ms - 660[0m
[0mGET /nodeadmin/api/db/performance [36m304 [0m8.737 ms - -[0m
[0mGET /nodeadmin/api/db/info [36m304 [0m4.437 ms - -[0m
[0mGET /nodeadmin/api/db/performance [36m304 [0m2.344 ms - -[0m
[0mGET /nodeadmin/api/db/info [32m200 [0m2.581 ms - 660[0m
[0mGET /nodeadmin/api/db/performance [36m304 [0m1.257 ms - -[0m
[0mGET /nodeadmin/api/db/info [36m304 [0m1.805 ms - -[0m
[0mGET /nodeadmin/api/db/performance [36m304 [0m1.213 ms - -[0m
[0mGET /nodeadmin/api/db/info [32m200 [0m1.796 ms - 660[0m
[0mGET /nodeadmin/api/db/performance [36m304 [0m1.156 ms - -[0m
[0mGET /nodeadmin/api/db/info [36m304 [0m1.624 ms - -[0m
[0mGET /nodeadmin/api/db/performance [36m304 [0m2.231 ms - -[0m
[0mGET /nodeadmin/api/db/info [32m200 [0m3.749 ms - 660[0m
[0mGET /nodeadmin/api/db/performance [36m304 [0m1.279 ms - -[0m
[0mGET /nodeadmin/api/db/info [36m304 [0m2.721 ms - -[0m
[0mGET /nodeadmin/api/db/performance [36m304 [0m1.533 ms - -[0m
[0mGET /nodeadmin/api/db/info [32m200 [0m2.058 ms - 660[0m
[0mGET /nodeadmin/api/db/performance [36m304 [0m1.972 ms - -[0m
[0mGET /nodeadmin/api/db/info [36m304 [0m2.083 ms - -[0m
[0mGET /nodeadmin/api/db/performance [36m304 [0m1.291 ms - -[0m
[0mGET /nodeadmin/api/db/info [32m200 [0m1.932 ms - 660[0m
[0mGET /nodeadmin/api/db/performance [36m304 [0m1.654 ms - -[0m
[0mGET /nodeadmin/api/db/info [36m304 [0m2.607 ms - -[0m
[0mGET /nodeadmin/api/db/performance [36m304 [0m1.272 ms - -[0m
[0mGET /nodeadmin/api/db/info [32m200 [0m2.051 ms - 660[0m
[0mGET /nodeadmin/api/db/performance [36m304 [0m1.465 ms - -[0m
[0mGET /nodeadmin/api/db/info [36m304 [0m3.178 ms - -[0m
[0mGET /nodeadmin/api/db/performance [36m304 [0m1.471 ms - -[0m
[0mGET /nodeadmin/api/db/info [32m200 [0m2.546 ms - 660[0m
[0mGET /nodeadmin/api/db/performance [36m304 [0m1.326 ms - -[0m
[0mGET /nodeadmin/api/db/info [36m304 [0m2.377 ms - -[0m
[0mGET /nodeadmin/api/db/performance [36m304 [0m1.505 ms - -[0m
[0mGET /nodeadmin/api/db/info [32m200 [0m2.211 ms - 660[0m
[0mGET /nodeadmin/api/db/performance [36m304 [0m1.253 ms - -[0m
[0mGET /nodeadmin/api/db/info [36m304 [0m2.717 ms - -[0m
[0mGET /nodeadmin/api/db/performance [36m304 [0m1.418 ms - -[0m
[0mGET /nodeadmin/api/db/info [32m200 [0m3.591 ms - 660[0m
[0mGET /nodeadmin/api/db/performance [36m304 [0m1.942 ms - -[0m
[0mGET /nodeadmin/api/db/info [36m304 [0m4.253 ms - -[0m
[0mGET /nodeadmin/api/db/performance [36m304 [0m2.514 ms - -[0m
[0mGET /nodeadmin/api/db/info [32m200 [0m5.797 ms - 660[0m
[0mGET /nodeadmin/api/db/performance [36m304 [0m1.416 ms - -[0m
[0mGET /nodeadmin/api/db/info [36m304 [0m2.431 ms - -[0m
[0mGET /nodeadmin/api/db/performance [36m304 [0m1.194 ms - -[0m
[0mGET /nodeadmin/api/db/info [32m200 [0m2.654 ms - 660[0m
[0mGET /nodeadmin/api/db/performance [36m304 [0m1.224 ms - -[0m
[0mGET /nodeadmin/api/db/info [36m304 [0m3.541 ms - -[0m
[0mGET /nodeadmin/api/db/performance [36m304 [0m1.246 ms - -[0m
[0mGET /nodeadmin/api/db/info [32m200 [0m1.934 ms - 660[0m
[0mGET /nodeadmin/api/db/performance [36m304 [0m1.300 ms - -[0m
[0mGET /nodeadmin/api/db/info [36m304 [0m2.250 ms - -[0m
[0mGET /nodeadmin/api/db/performance [36m304 [0m1.498 ms - -[0m
[0mGET /nodeadmin/api/db/info [32m200 [0m2.824 ms - 660[0m
[0mGET /nodeadmin/app/db/dbhome/dbcreate.html [32m200 [0m0.725 ms - 484[0m
[0mGET /nodeadmin/api/db/performance [36m304 [0m3.759 ms - -[0m
[0mGET /nodeadmin/api/db/info [36m304 [0m4.256 ms - -[0m
[0mGET /nodeadmin/api/db/performance [36m304 [0m1.810 ms - -[0m
[0mGET /nodeadmin/api/db/info [32m200 [0m1.918 ms - 660[0m
[0mGET /nodeadmin/api/db/performance [36m304 [0m1.240 ms - -[0m
[0mGET /nodeadmin/api/db/info [36m304 [0m1.884 ms - -[0m
[0mGET /nodeadmin/api/db/performance [36m304 [0m1.286 ms - -[0m
[0mGET /nodeadmin/api/db/info [32m200 [0m1.833 ms - 660[0m
[0mGET /nodeadmin/api/db/performance [36m304 [0m1.923 ms - -[0m
[0mGET /nodeadmin/api/db/info [36m304 [0m2.396 ms - -[0m
[0mGET /nodeadmin/api/db/performance [36m304 [0m1.349 ms - -[0m
[0mGET /nodeadmin/api/db/info [32m200 [0m1.800 ms - 660[0m
[0mGET /nodeadmin/api/db/performance [36m304 [0m1.477 ms - -[0m
[0mGET /nodeadmin/api/db/info [36m304 [0m2.387 ms - -[0m
[0mGET /nodeadmin/api/db/performance [36m304 [0m1.392 ms - -[0m
[0mGET /nodeadmin/api/db/info [32m200 [0m1.872 ms - 660[0m
[0mGET /nodeadmin/api/db/performance [36m304 [0m1.250 ms - -[0m
[0mGET /nodeadmin/api/db/info [36m304 [0m2.229 ms - -[0m
[0mGET /nodeadmin/api/db/performance [36m304 [0m1.365 ms - -[0m
[0mGET /nodeadmin/api/db/info [32m200 [0m2.075 ms - 660[0m
[0mGET /nodeadmin/api/db/performance [36m304 [0m1.347 ms - -[0m
[0mGET /nodeadmin/api/db/info [36m304 [0m2.187 ms - -[0m
[0mGET /nodeadmin/api/db/performance [36m304 [0m1.204 ms - -[0m
[0mGET /nodeadmin/api/db/info [32m200 [0m2.757 ms - 660[0m
[0mGET /nodeadmin/api/db/performance [36m304 [0m1.274 ms - -[0m
[0mGET /nodeadmin/api/db/info [36m304 [0m2.227 ms - -[0m
[0mGET /nodeadmin/api/db/performance [36m304 [0m2.845 ms - -[0m
[0mGET /nodeadmin/api/db/info [32m200 [0m4.768 ms - 660[0m
[0mGET /nodeadmin/api/db/performance [36m304 [0m1.177 ms - -[0m
[0mGET /nodeadmin/api/db/info [36m304 [0m2.228 ms - -[0m
[0mGET /nodeadmin/api/db/performance [36m304 [0m1.239 ms - -[0m
[0mGET /nodeadmin/api/db/info [32m200 [0m2.270 ms - 660[0m
[0mGET /nodeadmin/api/db/performance [36m304 [0m1.552 ms - -[0m
[0mGET /nodeadmin/api/db/info [36m304 [0m1.887 ms - -[0m
[0mGET /nodeadmin/api/db/performance [36m304 [0m1.228 ms - -[0m
[0mGET /nodeadmin/api/db/info [32m200 [0m2.301 ms - 660[0m
[0mGET /nodeadmin/app/db/viewtables/viewtables.html [36m304 [0m0.273 ms - -[0m
[0mGET /nodeadmin/api/db/apparentDB/tables [36m304 [0m3.630 ms - -[0m
[0mGET /nodeadmin/api/db/animals_db/tables [32m200 [0m4.593 ms - 35[0m
[0mGET /nodeadmin/api/db/bamazon_DB/tables [32m200 [0m3.233 ms - 37[0m
[0mGET /nodeadmin/api/db/blogger/tables [32m200 [0m5.866 ms - 96[0m
[0mGET /nodeadmin/api/db/books_db/tables [32m200 [0m2.560 ms - 65[0m
[0mGET /nodeadmin/api/db/burger_db/tables [32m200 [0m2.757 ms - 35[0m
[0mGET /nodeadmin/api/db/burgers_db/tables [32m200 [0m2.384 ms - 36[0m
[0mGET /nodeadmin/api/db/cat_db/tables [32m200 [0m4.158 ms - 29[0m
[0mGET /nodeadmin/app/db/records/records.html [32m200 [0m1.740 ms - 4826[0m
[0mGET /nodeadmin/api/db/cat_db/cats/1?sortBy=&sortDir= [32m200 [0m57.351 ms - 555[0m
[0mGET /nodeadmin/api/db/apparentDB/tables [36m304 [0m5.469 ms - -[0m
[0mGET /api/parents/checkstatus [31m500 [0m10.601 ms - 5683[0m
[0mGET /api/schools [36m304 [0m97.398 ms - -[0m
[0mGET /apparentadmin [36m301 [0m3.485 ms - 193[0m
[0mGET /apparentadmin/ [32m200 [0m3.040 ms - 3913[0m
[0mGET /apparentadmin/node_modules/bootstrap/dist/css/bootstrap.min.css [32m200 [0m28.467 ms - 121457[0m
[0mGET /apparentadmin/css/simple-sidebar.css [32m200 [0m17.959 ms - 2346[0m
[0mGET /apparentadmin/node_modules/angular-chart.js/dist/angular-chart.css [32m200 [0m19.779 ms - 1125[0m
[0mGET /apparentadmin/node_modules/codemirror/theme/monokai.css [32m200 [0m17.351 ms - 2179[0m
[0mGET /apparentadmin/node_modules/codemirror/lib/codemirror.css [32m200 [0m19.528 ms - 8542[0m
[0mGET /apparentadmin/css/lumen.css [32m200 [0m17.226 ms - 157101[0m
[0mGET /apparentadmin/css/styles.css [32m200 [0m5.328 ms - 2681[0m
[0mGET /apparentadmin/node_modules/socket.io-client/socket.io.js [33m404 [0m6.668 ms - 195[0m
[0mGET /apparentadmin/node_modules/angular/angular.min.js [32m200 [0m6.934 ms - 176241[0m
[0mGET /apparentadmin/node_modules/jquery/dist/jquery.min.js [32m200 [0m17.502 ms - 85578[0m
[0mGET /apparentadmin/node_modules/angular-chart.js/dist/angular-chart.min.js [32m200 [0m13.025 ms - 5732[0m
[0mGET /apparentadmin/node_modules/chart.js/Chart.min.js [32m200 [0m13.404 ms - 57275[0m
[0mGET /apparentadmin/node_modules/angular-ui-router/release/angular-ui-router.min.js [32m200 [0m24.284 ms - 32440[0m
[0mGET /apparentadmin/node_modules/angular-ui-bootstrap/ui-bootstrap-tpls.min.js [32m200 [0m17.693 ms - 132410[0m
[0mGET /apparentadmin/node_modules/angular-sanitize/angular-sanitize.min.js [32m200 [0m2.459 ms - 6930[0m
[0mGET /apparentadmin/node_modules/spin.js/spin.min.js [32m200 [0m8.483 ms - 4277[0m
[0mGET /apparentadmin/node_modules/angular-spinner/angular-spinner.min.js [32m200 [0m8.181 ms - 1520[0m
[0mGET /apparentadmin/node_modules/angular-toarrayfilter/toArrayFilter.js [32m200 [0m10.036 ms - 553[0m
[0mGET /apparentadmin/node_modules/angular-bindonce/bindonce.min.js [32m200 [0m8.085 ms - 4802[0m
[0mGET /apparentadmin/node_modules/angular-ui-codemirror/src/ui-codemirror.js [32m200 [0m8.218 ms - 4483[0m
[0mGET /apparentadmin/node_modules/codemirror/mode/sql/sql.js [32m200 [0m4.748 ms - 47451[0m
[0mGET /apparentadmin/app/services/services.js [32m200 [0m4.842 ms - 10629[0m
[0mGET /apparentadmin/app/auth/auth.js [32m200 [0m5.126 ms - 762[0m
[0mGET /apparentadmin/app/services/socket.js [32m200 [0m4.866 ms - 1232[0m
[0mGET /apparentadmin/node_modules/codemirror/lib/codemirror.js [32m200 [0m8.195 ms - 395005[0m
[0mGET /apparentadmin/app/db/db.js [32m200 [0m7.001 ms - 705[0m
[0mGET /apparentadmin/app/db/dbhome/dbcreatecontroller.js [32m200 [0m6.403 ms - 750[0m
[0mGET /apparentadmin/app/db/dbhome/dbhome.js [32m200 [0m7.595 ms - 2809[0m
[0mGET /apparentadmin/app/db/dbhome/dbdeletecontroller.js [32m200 [0m7.187 ms - 712[0m
[0mGET /apparentadmin/app/db/viewtables/deletetablecontroller.js [32m200 [0m6.158 ms - 563[0m
[0mGET /apparentadmin/app/db/viewtables/viewtables.js [32m200 [0m4.591 ms - 2068[0m
[0mGET /apparentadmin/app/db/viewtables/createtable.js [32m200 [0m3.082 ms - 2523[0m
[0mGET /apparentadmin/app/db/query/query.js [32m200 [0m3.599 ms - 1518[0m
[0mGET /apparentadmin/app/db/records/records.js [32m200 [0m3.852 ms - 5722[0m
[0mGET /apparentadmin/app/settings/settings.js [32m200 [0m3.525 ms - 263[0m
[0mGET /apparentadmin/app/db/records/services.js [32m200 [0m4.522 ms - 6828[0m
[0mGET /apparentadmin/app/settings/users/users.js [32m200 [0m5.077 ms - 3859[0m
[0mGET /apparentadmin/app/settings/users/viewPrivileges.js [32m200 [0m5.327 ms - 904[0m
[0mGET /apparentadmin/app/settings/users/addUser.js [32m200 [0m3.562 ms - 846[0m
[0mGET /apparentadmin/app/settings/users/deleteUser.js [32m200 [0m3.560 ms - 527[0m
[0mGET /apparentadmin/app/settings/users/editPrivileges.js [32m200 [0m5.273 ms - 5457[0m
[0mGET /apparentadmin/app/system/system.js [32m200 [0m4.715 ms - 311[0m
[0mGET /apparentadmin/app/system/serverLogs/serverLogs.js [32m200 [0m5.012 ms - 1417[0m
[0mGET /apparentadmin/app/system/modules/modules.js [32m200 [0m5.181 ms - 2803[0m
[0mGET /apparentadmin/app/home/home.js [32m200 [0m2.770 ms - 3473[0m
[0mGET /apparentadmin/app/main/main.js [32m200 [0m3.665 ms - 264[0m
[0mGET /apparentadmin/app/directives/alertcenter.js [32m200 [0m2.772 ms - 157[0m
[0mGET /apparentadmin/app/services/alertcenterfactory.js [32m200 [0m3.382 ms - 377[0m
[0mGET /apparentadmin/app/app.js [32m200 [0m3.390 ms - 4940[0m
[0mGET /apparentadmin/app/directives/togglemenu.js [32m200 [0m5.567 ms - 152[0m
[0mGET /apparentadmin/app/auth/login.html [32m200 [0m1.193 ms - 2197[0m
[0mGET /apparentadmin/resources/nodejs-logo.png [32m200 [0m1.074 ms - 16221[0m
[0mGET /apparentadmin/resources/favicon.ico [32m200 [0m2.179 ms - 99678[0m
